<?xml version="1.0" encoding="UTF-8"?>
<testsuites>
  <testsuite name="Application Test Suite" tests="5" assertions="40" errors="0" failures="0" skipped="0" time="2.169163">
    <testsuite name="Hoyvoy\Tests\Integration\DatabaseEloquentSubqueriesCrossDatabaseTest" file="/Users/mario/Documents/webs/laravel-cross-database-subqueries/tests/Integration/DatabaseEloquentSubqueriesCrossDatabaseTest.php" tests="5" assertions="40" errors="0" failures="0" skipped="0" time="2.169163">
      <testcase name="testWhereHasAcrossDatabaseConnection" class="Hoyvoy\Tests\Integration\DatabaseEloquentSubqueriesCrossDatabaseTest" classname="Hoyvoy.Tests.Integration.DatabaseEloquentSubqueriesCrossDatabaseTest" file="/Users/mario/Documents/webs/laravel-cross-database-subqueries/tests/Integration/DatabaseEloquentSubqueriesCrossDatabaseTest.php" line="10" assertions="8" time="0.505722"/>
      <testcase name="testHasAcrossDatabaseConnection" class="Hoyvoy\Tests\Integration\DatabaseEloquentSubqueriesCrossDatabaseTest" classname="Hoyvoy.Tests.Integration.DatabaseEloquentSubqueriesCrossDatabaseTest" file="/Users/mario/Documents/webs/laravel-cross-database-subqueries/tests/Integration/DatabaseEloquentSubqueriesCrossDatabaseTest.php" line="61" assertions="8" time="0.355970"/>
      <testcase name="testDoesntHasAcrossDatabaseConnection" class="Hoyvoy\Tests\Integration\DatabaseEloquentSubqueriesCrossDatabaseTest" classname="Hoyvoy.Tests.Integration.DatabaseEloquentSubqueriesCrossDatabaseTest" file="/Users/mario/Documents/webs/laravel-cross-database-subqueries/tests/Integration/DatabaseEloquentSubqueriesCrossDatabaseTest.php" line="96" assertions="8" time="0.349880"/>
      <testcase name="testWhereDoesntHaveAcrossDatabaseConnection" class="Hoyvoy\Tests\Integration\DatabaseEloquentSubqueriesCrossDatabaseTest" classname="Hoyvoy.Tests.Integration.DatabaseEloquentSubqueriesCrossDatabaseTest" file="/Users/mario/Documents/webs/laravel-cross-database-subqueries/tests/Integration/DatabaseEloquentSubqueriesCrossDatabaseTest.php" line="131" assertions="8" time="0.504775"/>
      <testcase name="testWithCountAcrossDatabaseConnection" class="Hoyvoy\Tests\Integration\DatabaseEloquentSubqueriesCrossDatabaseTest" classname="Hoyvoy.Tests.Integration.DatabaseEloquentSubqueriesCrossDatabaseTest" file="/Users/mario/Documents/webs/laravel-cross-database-subqueries/tests/Integration/DatabaseEloquentSubqueriesCrossDatabaseTest.php" line="185" assertions="8" time="0.452816"/>
    </testsuite>
  </testsuite>
</testsuites>
